2020-07-12 01:42:16.146  WARN 2200 --- [HikariPool-1 housekeeper] com.zaxxer.hikari.pool.HikariPool        : HikariPool-1 - Thread starvation or clock leap detected (housekeeper delta=3h29s996ms857µs500ns).
2020-07-12 09:48:19.325  WARN 2200 --- [HikariPool-1 housekeeper] com.zaxxer.hikari.pool.HikariPool        : HikariPool-1 - Thread starvation or clock leap detected (housekeeper delta=8h6m9s779ms954µs).
2020-07-12 11:32:16.678  INFO 2200 --- [SpringContextShutdownHook] j.LocalContainerEntityManagerFactoryBean : Closing JPA EntityManagerFactory for persistence unit 'default'
2020-07-12 11:32:16.708  INFO 2200 --- [SpringContextShutdownHook] o.s.s.concurrent.ThreadPoolTaskExecutor  : Shutting down ExecutorService 'applicationTaskExecutor'
2020-07-12 11:32:16.710  INFO 2200 --- [SpringContextShutdownHook] com.zaxxer.hikari.HikariDataSource       : HikariPool-1 - Shutdown initiated...
2020-07-12 11:32:16.714  INFO 2200 --- [SpringContextShutdownHook] com.zaxxer.hikari.HikariDataSource       : HikariPool-1 - Shutdown completed.
2020-07-12 11:35:59.971  INFO 2880 --- [main] c.r.SpringBootRestServiceApplication     : Starting SpringBootRestServiceApplication on DESKTOP-FV0I4VU with PID 2880 (C:\Users\Owner\Downloads\SpringBootRestService\SpringBootRestService\target\classes started by Owner in C:\Users\Owner\Downloads\SpringBootRestService\SpringBootRestService)
2020-07-12 11:35:59.978  INFO 2880 --- [main] c.r.SpringBootRestServiceApplication     : The following profiles are active: dev
2020-07-12 11:36:01.674  INFO 2880 --- [main] .s.d.r.c.RepositoryConfigurationDelegate : Bootstrapping Spring Data JPA repositories in DEFERRED mode.
2020-07-12 11:36:01.843  INFO 2880 --- [main] .s.d.r.c.RepositoryConfigurationDelegate : Finished Spring Data repository scanning in 145ms. Found 1 JPA repository interfaces.
2020-07-12 11:36:04.531  INFO 2880 --- [main] o.s.b.w.embedded.tomcat.TomcatWebServer  : Tomcat initialized with port(s): 8080 (http)
2020-07-12 11:36:04.586  INFO 2880 --- [main] o.apache.catalina.core.StandardService   : Starting service [Tomcat]
2020-07-12 11:36:04.587  INFO 2880 --- [main] org.apache.catalina.core.StandardEngine  : Starting Servlet engine: [Apache Tomcat/9.0.36]
2020-07-12 11:36:04.895  INFO 2880 --- [main] o.a.c.c.C.[Tomcat].[localhost].[/]       : Initializing Spring embedded WebApplicationContext
2020-07-12 11:36:04.896  INFO 2880 --- [main] w.s.c.ServletWebServerApplicationContext : Root WebApplicationContext: initialization completed in 4692 ms
2020-07-12 11:36:05.312  INFO 2880 --- [main] o.s.s.concurrent.ThreadPoolTaskExecutor  : Initializing ExecutorService 'applicationTaskExecutor'
2020-07-12 11:36:05.421  INFO 2880 --- [task-1] o.hibernate.jpa.internal.util.LogHelper  : HHH000204: Processing PersistenceUnitInfo [name: default]
2020-07-12 11:36:05.536  WARN 2880 --- [main] JpaBaseConfiguration$JpaWebConfiguration : spring.jpa.open-in-view is enabled by default. Therefore, database queries may be performed during view rendering. Explicitly configure spring.jpa.open-in-view to disable this warning
2020-07-12 11:36:05.604  INFO 2880 --- [task-1] org.hibernate.Version                    : HHH000412: Hibernate ORM core version 5.4.17.Final
2020-07-12 11:36:06.180  INFO 2880 --- [task-1] o.hibernate.annotations.common.Version   : HCANN000001: Hibernate Commons Annotations {5.1.0.Final}
2020-07-12 11:36:06.554  INFO 2880 --- [task-1] com.zaxxer.hikari.HikariDataSource       : HikariPool-1 - Starting...
2020-07-12 11:36:06.739  INFO 2880 --- [main] o.s.b.w.embedded.tomcat.TomcatWebServer  : Tomcat started on port(s): 8080 (http) with context path ''
2020-07-12 11:36:06.746  INFO 2880 --- [main] DeferredRepositoryInitializationListener : Triggering deferred initialization of Spring Data repositories…
2020-07-12 11:36:07.096  INFO 2880 --- [task-1] com.zaxxer.hikari.HikariDataSource       : HikariPool-1 - Start completed.
2020-07-12 11:36:07.146  INFO 2880 --- [task-1] org.hibernate.dialect.Dialect            : HHH000400: Using dialect: org.hibernate.dialect.MySQL5InnoDBDialect
2020-07-12 11:36:08.594  INFO 2880 --- [task-1] o.h.e.t.j.p.i.JtaPlatformInitiator       : HHH000490: Using JtaPlatform implementation: [org.hibernate.engine.transaction.jta.platform.internal.NoJtaPlatform]
2020-07-12 11:36:08.619  INFO 2880 --- [task-1] j.LocalContainerEntityManagerFactoryBean : Initialized JPA EntityManagerFactory for persistence unit 'default'
2020-07-12 11:36:09.318  INFO 2880 --- [main] DeferredRepositoryInitializationListener : Spring Data repositories initialized!
2020-07-12 11:36:09.344  INFO 2880 --- [main] c.r.SpringBootRestServiceApplication     : Started SpringBootRestServiceApplication in 10.53 seconds (JVM running for 12.224)
2020-07-12 11:37:01.177  INFO 2880 --- [SpringContextShutdownHook] j.LocalContainerEntityManagerFactoryBean : Closing JPA EntityManagerFactory for persistence unit 'default'
2020-07-12 11:37:01.182  INFO 2880 --- [SpringContextShutdownHook] o.s.s.concurrent.ThreadPoolTaskExecutor  : Shutting down ExecutorService 'applicationTaskExecutor'
2020-07-12 11:37:01.184  INFO 2880 --- [SpringContextShutdownHook] com.zaxxer.hikari.HikariDataSource       : HikariPool-1 - Shutdown initiated...
2020-07-12 11:37:01.200  INFO 2880 --- [SpringContextShutdownHook] com.zaxxer.hikari.HikariDataSource       : HikariPool-1 - Shutdown completed.
2020-07-12 11:44:35.189  INFO 21900 --- [main] c.r.SpringBootRestServiceApplication     : Starting SpringBootRestServiceApplication on DESKTOP-FV0I4VU with PID 21900 (C:\Users\Owner\Downloads\SpringBootRestService\SpringBootRestService\target\classes started by Owner in C:\Users\Owner\Downloads\SpringBootRestService\SpringBootRestService)
2020-07-12 11:44:35.200  INFO 21900 --- [main] c.r.SpringBootRestServiceApplication     : The following profiles are active: dev
2020-07-12 11:44:36.738  INFO 21900 --- [main] .s.d.r.c.RepositoryConfigurationDelegate : Bootstrapping Spring Data JPA repositories in DEFERRED mode.
2020-07-12 11:44:36.908  INFO 21900 --- [main] .s.d.r.c.RepositoryConfigurationDelegate : Finished Spring Data repository scanning in 135ms. Found 1 JPA repository interfaces.
2020-07-12 11:44:39.045  INFO 21900 --- [main] o.s.b.w.embedded.tomcat.TomcatWebServer  : Tomcat initialized with port(s): 8080 (http)
2020-07-12 11:45:00.309  INFO 21900 --- [main] o.apache.catalina.core.StandardService   : Starting service [Tomcat]
2020-07-12 11:45:00.318  INFO 21900 --- [main] org.apache.catalina.core.StandardEngine  : Starting Servlet engine: [Apache Tomcat/9.0.36]
2020-07-12 11:45:00.768  INFO 21900 --- [main] o.a.c.c.C.[Tomcat].[localhost].[/]       : Initializing Spring embedded WebApplicationContext
2020-07-12 11:45:00.772  INFO 21900 --- [main] w.s.c.ServletWebServerApplicationContext : Root WebApplicationContext: initialization completed in 25464 ms
2020-07-12 11:45:01.325  INFO 21900 --- [main] o.s.s.concurrent.ThreadPoolTaskExecutor  : Initializing ExecutorService 'applicationTaskExecutor'
2020-07-12 11:45:01.405  INFO 21900 --- [task-1] o.hibernate.jpa.internal.util.LogHelper  : HHH000204: Processing PersistenceUnitInfo [name: default]
2020-07-12 11:45:01.509  WARN 21900 --- [main] JpaBaseConfiguration$JpaWebConfiguration : spring.jpa.open-in-view is enabled by default. Therefore, database queries may be performed during view rendering. Explicitly configure spring.jpa.open-in-view to disable this warning
2020-07-12 11:45:01.541  INFO 21900 --- [task-1] org.hibernate.Version                    : HHH000412: Hibernate ORM core version 5.4.17.Final
2020-07-12 11:45:01.895  INFO 21900 --- [task-1] o.hibernate.annotations.common.Version   : HCANN000001: Hibernate Commons Annotations {5.1.0.Final}
2020-07-12 11:45:02.219  INFO 21900 --- [task-1] com.zaxxer.hikari.HikariDataSource       : HikariPool-1 - Starting...
2020-07-12 11:45:02.514  INFO 21900 --- [main] o.s.b.w.embedded.tomcat.TomcatWebServer  : Tomcat started on port(s): 8080 (http) with context path ''
2020-07-12 11:45:02.526  INFO 21900 --- [main] DeferredRepositoryInitializationListener : Triggering deferred initialization of Spring Data repositories…
2020-07-12 11:45:02.661  INFO 21900 --- [task-1] com.zaxxer.hikari.HikariDataSource       : HikariPool-1 - Start completed.
2020-07-12 11:45:02.698  INFO 21900 --- [task-1] org.hibernate.dialect.Dialect            : HHH000400: Using dialect: org.hibernate.dialect.MySQL5InnoDBDialect
2020-07-12 11:45:04.073  INFO 21900 --- [task-1] o.h.e.t.j.p.i.JtaPlatformInitiator       : HHH000490: Using JtaPlatform implementation: [org.hibernate.engine.transaction.jta.platform.internal.NoJtaPlatform]
2020-07-12 11:45:04.097  INFO 21900 --- [task-1] j.LocalContainerEntityManagerFactoryBean : Initialized JPA EntityManagerFactory for persistence unit 'default'
2020-07-12 11:45:04.439  INFO 21900 --- [main] DeferredRepositoryInitializationListener : Spring Data repositories initialized!
2020-07-12 11:45:04.457  INFO 21900 --- [main] c.r.SpringBootRestServiceApplication     : Started SpringBootRestServiceApplication in 30.199 seconds (JVM running for 31.082)
2020-07-12 11:45:07.292  INFO 21900 --- [SpringContextShutdownHook] j.LocalContainerEntityManagerFactoryBean : Closing JPA EntityManagerFactory for persistence unit 'default'
2020-07-12 11:45:07.297  INFO 21900 --- [SpringContextShutdownHook] o.s.s.concurrent.ThreadPoolTaskExecutor  : Shutting down ExecutorService 'applicationTaskExecutor'
2020-07-12 11:45:07.298  INFO 21900 --- [SpringContextShutdownHook] com.zaxxer.hikari.HikariDataSource       : HikariPool-1 - Shutdown initiated...
2020-07-12 11:45:07.303  INFO 21900 --- [SpringContextShutdownHook] com.zaxxer.hikari.HikariDataSource       : HikariPool-1 - Shutdown completed.
2020-07-12 11:45:34.630  INFO 19016 --- [main] c.r.SpringBootRestServiceApplication     : Starting SpringBootRestServiceApplication on DESKTOP-FV0I4VU with PID 19016 (C:\Users\Owner\Downloads\SpringBootRestService\SpringBootRestService\target\classes started by Owner in C:\Users\Owner\Downloads\SpringBootRestService\SpringBootRestService)
2020-07-12 11:45:34.635  INFO 19016 --- [main] c.r.SpringBootRestServiceApplication     : The following profiles are active: @activatedProperties@
2020-07-12 11:45:36.334  INFO 19016 --- [main] .s.d.r.c.RepositoryConfigurationDelegate : Bootstrapping Spring Data JPA repositories in DEFERRED mode.
2020-07-12 11:45:36.500  INFO 19016 --- [main] .s.d.r.c.RepositoryConfigurationDelegate : Finished Spring Data repository scanning in 138ms. Found 1 JPA repository interfaces.
2020-07-12 11:45:38.071  INFO 19016 --- [main] o.s.b.w.embedded.tomcat.TomcatWebServer  : Tomcat initialized with port(s): 8080 (http)
2020-07-12 11:45:38.095  INFO 19016 --- [main] o.apache.catalina.core.StandardService   : Starting service [Tomcat]
2020-07-12 11:45:38.096  INFO 19016 --- [main] org.apache.catalina.core.StandardEngine  : Starting Servlet engine: [Apache Tomcat/9.0.36]
2020-07-12 11:45:38.307  INFO 19016 --- [main] o.a.c.c.C.[Tomcat].[localhost].[/]       : Initializing Spring embedded WebApplicationContext
2020-07-12 11:45:38.308  INFO 19016 --- [main] w.s.c.ServletWebServerApplicationContext : Root WebApplicationContext: initialization completed in 3601 ms
2020-07-12 11:45:38.732  INFO 19016 --- [main] o.s.s.concurrent.ThreadPoolTaskExecutor  : Initializing ExecutorService 'applicationTaskExecutor'
2020-07-12 11:45:38.834  INFO 19016 --- [task-1] o.hibernate.jpa.internal.util.LogHelper  : HHH000204: Processing PersistenceUnitInfo [name: default]
2020-07-12 11:45:38.964  WARN 19016 --- [main] JpaBaseConfiguration$JpaWebConfiguration : spring.jpa.open-in-view is enabled by default. Therefore, database queries may be performed during view rendering. Explicitly configure spring.jpa.open-in-view to disable this warning
2020-07-12 11:45:38.995  INFO 19016 --- [task-1] org.hibernate.Version                    : HHH000412: Hibernate ORM core version 5.4.17.Final
2020-07-12 11:45:39.423  INFO 19016 --- [task-1] o.hibernate.annotations.common.Version   : HCANN000001: Hibernate Commons Annotations {5.1.0.Final}
2020-07-12 11:45:39.835  INFO 19016 --- [main] o.s.b.w.embedded.tomcat.TomcatWebServer  : Tomcat started on port(s): 8080 (http) with context path ''
2020-07-12 11:46:28.272  INFO 19016 --- [main] DeferredRepositoryInitializationListener : Triggering deferred initialization of Spring Data repositories…
2020-07-12 11:46:28.507  INFO 19016 --- [task-1] com.zaxxer.hikari.HikariDataSource       : HikariPool-1 - Starting...
2020-07-12 11:46:28.510  WARN 19016 --- [task-1] com.zaxxer.hikari.util.DriverDataSource  : Registered driver with driverClassName=com.mysql.jdbc.Driver was not found, trying direct instantiation.
2020-07-12 11:46:29.673  INFO 19016 --- [task-1] com.zaxxer.hikari.HikariDataSource       : HikariPool-1 - Start completed.
2020-07-12 11:46:29.704  INFO 19016 --- [task-1] org.hibernate.dialect.Dialect            : HHH000400: Using dialect: org.hibernate.dialect.MySQL5InnoDBDialect
2020-07-12 11:46:30.989  INFO 19016 --- [task-1] o.h.e.t.j.p.i.JtaPlatformInitiator       : HHH000490: Using JtaPlatform implementation: [org.hibernate.engine.transaction.jta.platform.internal.NoJtaPlatform]
2020-07-12 11:46:31.013  INFO 19016 --- [task-1] j.LocalContainerEntityManagerFactoryBean : Initialized JPA EntityManagerFactory for persistence unit 'default'
2020-07-12 11:46:31.370  INFO 19016 --- [main] DeferredRepositoryInitializationListener : Spring Data repositories initialized!
2020-07-12 11:46:31.394  INFO 19016 --- [main] c.r.SpringBootRestServiceApplication     : Started SpringBootRestServiceApplication in 57.327 seconds (JVM running for 57.955)
2020-07-12 11:46:48.048  INFO 19016 --- [http-nio-8080-exec-1] o.a.c.c.C.[Tomcat].[localhost].[/]       : Initializing Spring DispatcherServlet 'dispatcherServlet'
2020-07-12 11:46:48.049  INFO 19016 --- [http-nio-8080-exec-1] o.s.web.servlet.DispatcherServlet        : Initializing Servlet 'dispatcherServlet'
2020-07-12 11:46:48.060  INFO 19016 --- [http-nio-8080-exec-1] o.s.web.servlet.DispatcherServlet        : Completed initialization in 10 ms
2020-07-12 11:46:57.230  INFO 19016 --- [SpringContextShutdownHook] j.LocalContainerEntityManagerFactoryBean : Closing JPA EntityManagerFactory for persistence unit 'default'
2020-07-12 11:46:57.234  INFO 19016 --- [SpringContextShutdownHook] o.s.s.concurrent.ThreadPoolTaskExecutor  : Shutting down ExecutorService 'applicationTaskExecutor'
2020-07-12 11:46:57.236  INFO 19016 --- [SpringContextShutdownHook] com.zaxxer.hikari.HikariDataSource       : HikariPool-1 - Shutdown initiated...
2020-07-12 11:46:57.250  INFO 19016 --- [SpringContextShutdownHook] com.zaxxer.hikari.HikariDataSource       : HikariPool-1 - Shutdown completed.
2020-07-12 11:47:15.932  INFO 3412 --- [main] c.r.SpringBootRestServiceApplication     : Starting SpringBootRestServiceApplication on DESKTOP-FV0I4VU with PID 3412 (C:\Users\Owner\Downloads\SpringBootRestService\SpringBootRestService\target\classes started by Owner in C:\Users\Owner\Downloads\SpringBootRestService\SpringBootRestService)
2020-07-12 11:47:15.936  INFO 3412 --- [main] c.r.SpringBootRestServiceApplication     : The following profiles are active: dev
2020-07-12 11:47:16.814  INFO 3412 --- [main] .s.d.r.c.RepositoryConfigurationDelegate : Bootstrapping Spring Data JPA repositories in DEFERRED mode.
2020-07-12 11:47:16.916  INFO 3412 --- [main] .s.d.r.c.RepositoryConfigurationDelegate : Finished Spring Data repository scanning in 87ms. Found 1 JPA repository interfaces.
2020-07-12 11:47:17.826  INFO 3412 --- [main] o.s.b.w.embedded.tomcat.TomcatWebServer  : Tomcat initialized with port(s): 8080 (http)
2020-07-12 11:47:17.842  INFO 3412 --- [main] o.apache.catalina.core.StandardService   : Starting service [Tomcat]
2020-07-12 11:47:17.843  INFO 3412 --- [main] org.apache.catalina.core.StandardEngine  : Starting Servlet engine: [Apache Tomcat/9.0.36]
2020-07-12 11:47:17.965  INFO 3412 --- [main] o.a.c.c.C.[Tomcat].[localhost].[/]       : Initializing Spring embedded WebApplicationContext
2020-07-12 11:47:17.966  INFO 3412 --- [main] w.s.c.ServletWebServerApplicationContext : Root WebApplicationContext: initialization completed in 1938 ms
2020-07-12 11:47:18.221  INFO 3412 --- [main] o.s.s.concurrent.ThreadPoolTaskExecutor  : Initializing ExecutorService 'applicationTaskExecutor'
2020-07-12 11:47:18.287  INFO 3412 --- [task-1] o.hibernate.jpa.internal.util.LogHelper  : HHH000204: Processing PersistenceUnitInfo [name: default]
2020-07-12 11:47:18.376  WARN 3412 --- [main] JpaBaseConfiguration$JpaWebConfiguration : spring.jpa.open-in-view is enabled by default. Therefore, database queries may be performed during view rendering. Explicitly configure spring.jpa.open-in-view to disable this warning
2020-07-12 11:47:18.382  INFO 3412 --- [task-1] org.hibernate.Version                    : HHH000412: Hibernate ORM core version 5.4.17.Final
2020-07-12 11:47:18.586  INFO 3412 --- [task-1] o.hibernate.annotations.common.Version   : HCANN000001: Hibernate Commons Annotations {5.1.0.Final}
2020-07-12 11:47:18.749  INFO 3412 --- [task-1] com.zaxxer.hikari.HikariDataSource       : HikariPool-1 - Starting...
2020-07-12 11:47:18.977  INFO 3412 --- [main] o.s.b.w.embedded.tomcat.TomcatWebServer  : Tomcat started on port(s): 8080 (http) with context path ''
2020-07-12 11:47:18.987  INFO 3412 --- [main] DeferredRepositoryInitializationListener : Triggering deferred initialization of Spring Data repositories…
2020-07-12 11:47:19.059  INFO 3412 --- [task-1] com.zaxxer.hikari.HikariDataSource       : HikariPool-1 - Start completed.
2020-07-12 11:47:19.102  INFO 3412 --- [task-1] org.hibernate.dialect.Dialect            : HHH000400: Using dialect: org.hibernate.dialect.MySQL5InnoDBDialect
2020-07-12 11:47:19.834  INFO 3412 --- [task-1] o.h.e.t.j.p.i.JtaPlatformInitiator       : HHH000490: Using JtaPlatform implementation: [org.hibernate.engine.transaction.jta.platform.internal.NoJtaPlatform]
2020-07-12 11:47:19.849  INFO 3412 --- [task-1] j.LocalContainerEntityManagerFactoryBean : Initialized JPA EntityManagerFactory for persistence unit 'default'
2020-07-12 11:47:20.122  INFO 3412 --- [main] DeferredRepositoryInitializationListener : Spring Data repositories initialized!
2020-07-12 11:47:20.133  INFO 3412 --- [main] c.r.SpringBootRestServiceApplication     : Started SpringBootRestServiceApplication in 4.749 seconds (JVM running for 5.293)
2020-07-12 11:47:27.563  INFO 3412 --- [http-nio-8080-exec-1] o.a.c.c.C.[Tomcat].[localhost].[/]       : Initializing Spring DispatcherServlet 'dispatcherServlet'
2020-07-12 11:47:40.396  INFO 3412 --- [http-nio-8080-exec-1] o.s.web.servlet.DispatcherServlet        : Initializing Servlet 'dispatcherServlet'
2020-07-12 11:47:40.424  INFO 3412 --- [http-nio-8080-exec-1] o.s.web.servlet.DispatcherServlet        : Completed initialization in 24 ms
2020-07-12 11:55:40.604  INFO 3412 --- [SpringContextShutdownHook] j.LocalContainerEntityManagerFactoryBean : Closing JPA EntityManagerFactory for persistence unit 'default'
2020-07-12 11:55:40.610  INFO 3412 --- [SpringContextShutdownHook] o.s.s.concurrent.ThreadPoolTaskExecutor  : Shutting down ExecutorService 'applicationTaskExecutor'
2020-07-12 11:55:40.611  INFO 3412 --- [SpringContextShutdownHook] com.zaxxer.hikari.HikariDataSource       : HikariPool-1 - Shutdown initiated...
2020-07-12 11:55:40.621  INFO 3412 --- [SpringContextShutdownHook] com.zaxxer.hikari.HikariDataSource       : HikariPool-1 - Shutdown completed.
2020-07-12 11:56:14.433  INFO 21824 --- [main] .r.SpringBootRestServiceApplicationTests : Starting SpringBootRestServiceApplicationTests on DESKTOP-FV0I4VU with PID 21824 (started by Owner in C:\Users\Owner\Downloads\SpringBootRestService\SpringBootRestService)
2020-07-12 11:56:14.439  INFO 21824 --- [main] .r.SpringBootRestServiceApplicationTests : The following profiles are active: @activatedProperties@
2020-07-12 11:56:17.846  INFO 21824 --- [main] .s.d.r.c.RepositoryConfigurationDelegate : Bootstrapping Spring Data JPA repositories in DEFERRED mode.
2020-07-12 11:56:18.136  INFO 21824 --- [main] .s.d.r.c.RepositoryConfigurationDelegate : Finished Spring Data repository scanning in 245ms. Found 1 JPA repository interfaces.
2020-07-12 11:56:22.620  INFO 21824 --- [main] o.s.s.concurrent.ThreadPoolTaskExecutor  : Initializing ExecutorService 'applicationTaskExecutor'
2020-07-12 11:56:23.027  INFO 21824 --- [task-1] o.hibernate.jpa.internal.util.LogHelper  : HHH000204: Processing PersistenceUnitInfo [name: default]
2020-07-12 11:56:23.275  INFO 21824 --- [task-1] org.hibernate.Version                    : HHH000412: Hibernate ORM core version 5.4.17.Final
2020-07-12 11:56:23.700  INFO 21824 --- [task-1] o.hibernate.annotations.common.Version   : HCANN000001: Hibernate Commons Annotations {5.1.0.Final}
2020-07-12 11:56:24.337  WARN 21824 --- [main] JpaBaseConfiguration$JpaWebConfiguration : spring.jpa.open-in-view is enabled by default. Therefore, database queries may be performed during view rendering. Explicitly configure spring.jpa.open-in-view to disable this warning
2020-07-12 11:56:27.686  INFO 21824 --- [task-1] com.zaxxer.hikari.HikariDataSource       : HikariPool-1 - Starting...
2020-07-12 11:56:27.808  WARN 21824 --- [task-1] com.zaxxer.hikari.util.DriverDataSource  : Registered driver with driverClassName=com.mysql.jdbc.Driver was not found, trying direct instantiation.
2020-07-12 11:56:29.301  INFO 21824 --- [main] o.s.b.t.m.w.SpringBootMockServletContext : Initializing Spring TestDispatcherServlet ''
2020-07-12 11:56:29.302  INFO 21824 --- [main] o.s.t.web.servlet.TestDispatcherServlet  : Initializing Servlet ''
2020-07-12 11:56:29.610  INFO 21824 --- [main] o.s.t.web.servlet.TestDispatcherServlet  : Completed initialization in 302 ms
2020-07-12 11:56:29.818  INFO 21824 --- [main] DeferredRepositoryInitializationListener : Triggering deferred initialization of Spring Data repositories…
2020-07-12 11:56:29.822  INFO 21824 --- [main] DeferredRepositoryInitializationListener : Spring Data repositories initialized!
2020-07-12 11:56:30.018  INFO 21824 --- [main] .r.SpringBootRestServiceApplicationTests : Started SpringBootRestServiceApplicationTests in 16.993 seconds (JVM running for 21.706)
2020-07-12 11:56:32.612  INFO 21824 --- [task-1] com.zaxxer.hikari.HikariDataSource       : HikariPool-1 - Start completed.
2020-07-12 11:56:32.676  INFO 21824 --- [task-1] org.hibernate.dialect.Dialect            : HHH000400: Using dialect: org.hibernate.dialect.MySQL5InnoDBDialect
2020-07-12 11:56:34.498  INFO 21824 --- [task-1] o.h.e.t.j.p.i.JtaPlatformInitiator       : HHH000490: Using JtaPlatform implementation: [org.hibernate.engine.transaction.jta.platform.internal.NoJtaPlatform]
2020-07-12 11:56:34.522  INFO 21824 --- [task-1] j.LocalContainerEntityManagerFactoryBean : Initialized JPA EntityManagerFactory for persistence unit 'default'
2020-07-12 11:56:35.301  INFO 21824 --- [main] c.r.controller.LibraryController         : Book  is deleted 
2020-07-12 11:56:35.382  INFO 21824 --- [main] c.r.controller.LibraryController         : Book do not exist so creating one
2020-07-12 11:56:36.077  INFO 21824 --- [main] c.r.controller.LibraryController         : Book do not exist so creating one
2020-07-12 11:56:36.641  INFO 21824 --- [SpringContextShutdownHook] j.LocalContainerEntityManagerFactoryBean : Closing JPA EntityManagerFactory for persistence unit 'default'
2020-07-12 11:56:36.644  INFO 21824 --- [SpringContextShutdownHook] o.s.s.concurrent.ThreadPoolTaskExecutor  : Shutting down ExecutorService 'applicationTaskExecutor'
2020-07-12 11:56:36.646  INFO 21824 --- [SpringContextShutdownHook] com.zaxxer.hikari.HikariDataSource       : HikariPool-1 - Shutdown initiated...
2020-07-12 11:56:36.702  INFO 21824 --- [SpringContextShutdownHook] com.zaxxer.hikari.HikariDataSource       : HikariPool-1 - Shutdown completed.
2020-07-12 12:00:46.369  INFO 1372 --- [main] c.r.SpringBootRestServiceApplication     : Starting SpringBootRestServiceApplication on DESKTOP-FV0I4VU with PID 1372 (C:\Users\Owner\Downloads\SpringBootRestService\SpringBootRestService\target\classes started by Owner in C:\Users\Owner\Downloads\SpringBootRestService\SpringBootRestService)
2020-07-12 12:00:46.389  INFO 1372 --- [main] c.r.SpringBootRestServiceApplication     : The following profiles are active: dev
2020-07-12 12:00:47.882  INFO 1372 --- [main] .s.d.r.c.RepositoryConfigurationDelegate : Bootstrapping Spring Data JPA repositories in DEFERRED mode.
2020-07-12 12:00:48.038  INFO 1372 --- [main] .s.d.r.c.RepositoryConfigurationDelegate : Finished Spring Data repository scanning in 133ms. Found 1 JPA repository interfaces.
2020-07-12 12:00:50.059  INFO 1372 --- [main] o.s.b.w.embedded.tomcat.TomcatWebServer  : Tomcat initialized with port(s): 8080 (http)
2020-07-12 12:00:50.101  INFO 1372 --- [main] o.apache.catalina.core.StandardService   : Starting service [Tomcat]
2020-07-12 12:00:50.103  INFO 1372 --- [main] org.apache.catalina.core.StandardEngine  : Starting Servlet engine: [Apache Tomcat/9.0.36]
2020-07-12 12:00:50.338  INFO 1372 --- [main] o.a.c.c.C.[Tomcat].[localhost].[/]       : Initializing Spring embedded WebApplicationContext
2020-07-12 12:00:50.339  INFO 1372 --- [main] w.s.c.ServletWebServerApplicationContext : Root WebApplicationContext: initialization completed in 3808 ms
2020-07-12 12:00:50.666  INFO 1372 --- [main] o.s.s.concurrent.ThreadPoolTaskExecutor  : Initializing ExecutorService 'applicationTaskExecutor'
2020-07-12 12:00:50.752  INFO 1372 --- [task-1] o.hibernate.jpa.internal.util.LogHelper  : HHH000204: Processing PersistenceUnitInfo [name: default]
2020-07-12 12:00:50.902  WARN 1372 --- [main] JpaBaseConfiguration$JpaWebConfiguration : spring.jpa.open-in-view is enabled by default. Therefore, database queries may be performed during view rendering. Explicitly configure spring.jpa.open-in-view to disable this warning
2020-07-12 12:00:50.924  INFO 1372 --- [task-1] org.hibernate.Version                    : HHH000412: Hibernate ORM core version 5.4.17.Final
2020-07-12 12:00:51.283  INFO 1372 --- [task-1] o.hibernate.annotations.common.Version   : HCANN000001: Hibernate Commons Annotations {5.1.0.Final}
2020-07-12 12:00:51.585  INFO 1372 --- [task-1] com.zaxxer.hikari.HikariDataSource       : HikariPool-1 - Starting...
2020-07-12 12:00:52.066  INFO 1372 --- [main] o.s.b.w.embedded.tomcat.TomcatWebServer  : Tomcat started on port(s): 8080 (http) with context path ''
2020-07-12 12:00:52.071  INFO 1372 --- [main] DeferredRepositoryInitializationListener : Triggering deferred initialization of Spring Data repositories…
2020-07-12 12:00:52.154  INFO 1372 --- [task-1] com.zaxxer.hikari.HikariDataSource       : HikariPool-1 - Start completed.
2020-07-12 12:00:52.210  INFO 1372 --- [task-1] org.hibernate.dialect.Dialect            : HHH000400: Using dialect: org.hibernate.dialect.MySQL5InnoDBDialect
2020-07-12 12:00:53.305  INFO 1372 --- [task-1] o.h.e.t.j.p.i.JtaPlatformInitiator       : HHH000490: Using JtaPlatform implementation: [org.hibernate.engine.transaction.jta.platform.internal.NoJtaPlatform]
2020-07-12 12:00:53.323  INFO 1372 --- [task-1] j.LocalContainerEntityManagerFactoryBean : Initialized JPA EntityManagerFactory for persistence unit 'default'
2020-07-12 12:00:53.698  INFO 1372 --- [main] DeferredRepositoryInitializationListener : Spring Data repositories initialized!
2020-07-12 12:00:53.715  INFO 1372 --- [main] c.r.SpringBootRestServiceApplication     : Started SpringBootRestServiceApplication in 8.343 seconds (JVM running for 9.131)
2020-07-12 12:01:16.084  INFO 1372 --- [http-nio-8080-exec-1] o.a.c.c.C.[Tomcat].[localhost].[/]       : Initializing Spring DispatcherServlet 'dispatcherServlet'
2020-07-12 12:01:16.087  INFO 1372 --- [http-nio-8080-exec-1] o.s.web.servlet.DispatcherServlet        : Initializing Servlet 'dispatcherServlet'
2020-07-12 12:01:16.101  INFO 1372 --- [http-nio-8080-exec-1] o.s.web.servlet.DispatcherServlet        : Completed initialization in 13 ms
2020-07-12 12:01:16.405  INFO 1372 --- [http-nio-8080-exec-1] c.r.controller.LibraryController         : Book do not exist so creating one
2020-07-12 12:03:10.372  INFO 21420 --- [main] .r.SpringBootRestServiceApplicationTests : Starting SpringBootRestServiceApplicationTests on DESKTOP-FV0I4VU with PID 21420 (started by Owner in C:\Users\Owner\Downloads\SpringBootRestService\SpringBootRestService)
2020-07-12 12:03:10.378  INFO 21420 --- [main] .r.SpringBootRestServiceApplicationTests : The following profiles are active: @activatedProperties@
2020-07-12 12:03:13.849  INFO 21420 --- [main] .s.d.r.c.RepositoryConfigurationDelegate : Bootstrapping Spring Data JPA repositories in DEFERRED mode.
2020-07-12 12:03:14.223  INFO 21420 --- [main] .s.d.r.c.RepositoryConfigurationDelegate : Finished Spring Data repository scanning in 315ms. Found 1 JPA repository interfaces.
2020-07-12 12:03:17.493  INFO 21420 --- [main] o.s.s.concurrent.ThreadPoolTaskExecutor  : Initializing ExecutorService 'applicationTaskExecutor'
2020-07-12 12:03:17.688  INFO 21420 --- [task-1] o.hibernate.jpa.internal.util.LogHelper  : HHH000204: Processing PersistenceUnitInfo [name: default]
2020-07-12 12:03:17.944  INFO 21420 --- [task-1] org.hibernate.Version                    : HHH000412: Hibernate ORM core version 5.4.17.Final
2020-07-12 12:03:18.138  INFO 21420 --- [task-1] o.hibernate.annotations.common.Version   : HCANN000001: Hibernate Commons Annotations {5.1.0.Final}
2020-07-12 12:03:18.471  WARN 21420 --- [main] JpaBaseConfiguration$JpaWebConfiguration : spring.jpa.open-in-view is enabled by default. Therefore, database queries may be performed during view rendering. Explicitly configure spring.jpa.open-in-view to disable this warning
2020-07-12 12:03:19.497  INFO 21420 --- [task-1] com.zaxxer.hikari.HikariDataSource       : HikariPool-1 - Starting...
2020-07-12 12:03:19.592  WARN 21420 --- [task-1] com.zaxxer.hikari.util.DriverDataSource  : Registered driver with driverClassName=com.mysql.jdbc.Driver was not found, trying direct instantiation.
2020-07-12 12:03:20.895  INFO 21420 --- [main] o.s.b.t.m.w.SpringBootMockServletContext : Initializing Spring TestDispatcherServlet ''
2020-07-12 12:03:20.896  INFO 21420 --- [main] o.s.t.web.servlet.TestDispatcherServlet  : Initializing Servlet ''
2020-07-12 12:03:20.950  INFO 21420 --- [main] o.s.t.web.servlet.TestDispatcherServlet  : Completed initialization in 52 ms
2020-07-12 12:03:20.990  INFO 21420 --- [main] DeferredRepositoryInitializationListener : Triggering deferred initialization of Spring Data repositories…
2020-07-12 12:03:20.991  INFO 21420 --- [main] DeferredRepositoryInitializationListener : Spring Data repositories initialized!
2020-07-12 12:03:21.023  INFO 21420 --- [main] .r.SpringBootRestServiceApplicationTests : Started SpringBootRestServiceApplicationTests in 12.333 seconds (JVM running for 17.717)
2020-07-12 12:03:22.131  INFO 21420 --- [task-1] com.zaxxer.hikari.HikariDataSource       : HikariPool-1 - Start completed.
2020-07-12 12:03:22.206  INFO 21420 --- [task-1] org.hibernate.dialect.Dialect            : HHH000400: Using dialect: org.hibernate.dialect.MySQL5InnoDBDialect
2020-07-12 12:03:23.566  INFO 21420 --- [task-1] o.h.e.t.j.p.i.JtaPlatformInitiator       : HHH000490: Using JtaPlatform implementation: [org.hibernate.engine.transaction.jta.platform.internal.NoJtaPlatform]
2020-07-12 12:03:23.587  INFO 21420 --- [task-1] j.LocalContainerEntityManagerFactoryBean : Initialized JPA EntityManagerFactory for persistence unit 'default'
2020-07-12 12:03:24.021  INFO 21420 --- [main] c.r.controller.LibraryController         : Book  is deleted 
2020-07-12 12:03:24.064  INFO 21420 --- [main] c.r.controller.LibraryController         : Book do not exist so creating one
2020-07-12 12:03:24.704  INFO 21420 --- [main] c.r.controller.LibraryController         : Book do not exist so creating one
2020-07-12 12:03:25.392  INFO 21420 --- [SpringContextShutdownHook] j.LocalContainerEntityManagerFactoryBean : Closing JPA EntityManagerFactory for persistence unit 'default'
2020-07-12 12:03:25.396  INFO 21420 --- [SpringContextShutdownHook] o.s.s.concurrent.ThreadPoolTaskExecutor  : Shutting down ExecutorService 'applicationTaskExecutor'
2020-07-12 12:03:25.397  INFO 21420 --- [SpringContextShutdownHook] com.zaxxer.hikari.HikariDataSource       : HikariPool-1 - Shutdown initiated...
2020-07-12 12:03:25.424  INFO 21420 --- [SpringContextShutdownHook] com.zaxxer.hikari.HikariDataSource       : HikariPool-1 - Shutdown completed.
2020-07-12 12:03:38.673  INFO 1372 --- [http-nio-8080-exec-4] c.r.controller.LibraryController         : Book  exist so skipping creation
2020-07-12 13:30:13.444  WARN 1372 --- [HikariPool-1 housekeeper] com.zaxxer.hikari.pool.HikariPool        : HikariPool-1 - Thread starvation or clock leap detected (housekeeper delta=20m38s249ms449µs400ns).
2020-07-12 16:42:23.716  WARN 1372 --- [HikariPool-1 housekeeper] com.zaxxer.hikari.pool.HikariPool        : HikariPool-1 - Thread starvation or clock leap detected (housekeeper delta=2h27m36s413ms941µs900ns).
2020-07-12 21:30:09.340  WARN 1372 --- [HikariPool-1 housekeeper] com.zaxxer.hikari.pool.HikariPool        : HikariPool-1 - Thread starvation or clock leap detected (housekeeper delta=3h42m49s646ms120µs600ns).
2020-07-12 23:15:41.365  WARN 1372 --- [HikariPool-1 housekeeper] com.zaxxer.hikari.pool.HikariPool        : HikariPool-1 - Thread starvation or clock leap detected (housekeeper delta=56m1s197ms173µs300ns).
